<?xml version="1.0" encoding="UTF-8"?>
<!-- Generated by org.testng.reporters.JUnitReportReporter -->
<testsuite hostname="DESKTOP-NBBMQN5" failures="0" tests="1" name="Sel1.Repo" time="10.894" errors="0" timestamp="2023-01-22T22:45:46 IST" skipped="0">
  <testcase classname="Sel1.Repo" name="validateTitle" time="10.894"/>
  <system-out/>
</testsuite> <!-- Sel1.Repo -->
